A D/LICENSE////
A D/_install////
A D/banner////
A D/basename////
A D/bc////
A D/bdiff////
A D/bfs////
A D/build////
A D/cal////
A D/calendar////
A D/cat////
A D/chmod////
A D/chown////
A D/cksum////
A D/cmp////
A D/col////
A D/comm////
A D/copy////
A D/cp////
A D/cpio////
A D/csplit////
A D/cut////
A D/date////
A D/dc////
A D/dd////
A D/deroff////
A D/df////
A D/diff////
A D/diff3////
A D/dircmp////
A D/dirname////
A D/du////
A D/echo////
A D/ed////
A D/env////
A D/expand////
A D/expr////
A D/factor////
A D/file////
A D/find////
A D/fmt////
A D/fmtmsg////
A D/fold////
A D/getconf////
A D/getopt////
A D/grep////
A D/groups////
A D/hd////
A D/head////
A D/hostname////
A D/id////
A D/join////
A D/kill////
A D/libcommon////
A D/libuxre////
A D/libwchar////
A D/line////
A D/listusers////
A D/ln////
A D/logins////
A D/logname////
A D/ls////
A D/mail////
A D/man////
A D/mesg////
A D/mkdir////
A D/mkfifo////
A D/mknod////
A D/more////
A D/mvdir////
A D/nawk////
A D/news////
A D/nice////
A D/nl////
A D/nohup////
A D/oawk////
A D/od////
A D/paste////
A D/pathchk////
A D/pg////
A D/pgrep////
A D/pr////
A D/printenv////
A D/printf////
A D/priocntl////
A D/ps////
A D/psrinfo////
A D/pwd////
A D/random////
A D/renice////
A D/rm////
A D/rmdir////
A D/sdiff////
A D/sed////
A D/setpgrp////
A D/shl////
A D/sleep////
A D/sort////
A D/spell////
A D/split////
A D/stty////
A D/su////
A D/sum////
A D/sync////
A D/tabs////
A D/tail////
A D/tapecntl////
A D/tar////
A D/tcopy////
A D/tee////
A D/test////
A D/time////
A D/touch////
A D/tr////
A D/true////
A D/tsort////
A D/tty////
A D/ul////
A D/uname////
A D/uniq////
A D/units////
A D/users////
A D/wc////
A D/what////
A D/who////
A D/whoami////
A D/whodo////
A D/xargs////
A D/yes////
